<?xml version="1.0" encoding="UTF-8"?><testsuite errors="0" failures="0" name="find flights in the system, using the different search options" skipped="4" tests="5" time="58.16" timestamp="2020-11-16 08:23:24"><testcase name="Find a one way flight"/><testcase name="Reserve a multi city flight"><skipped/></testcase><testcase name="Reserve a roundtrip flight"><skipped/></testcase><testcase name="Reserve a roundtrip flight with car"><skipped/></testcase><testcase name="Reserve a flight with car and place to stay"><skipped/></testcase></testsuite>