<?xml version="1.0" encoding="UTF-8"?><testsuite errors="0" failures="0" name="find cars in the system, using the different search options" skipped="3" tests="4" time="84.32" timestamp="2020-11-16 08:20:56"><testcase name="Reserve a rental car"/><testcase name="Reserve an Airport Transportation"><skipped/></testcase><testcase name="Reserve a rental car with preferred brand but without discount code"><skipped/></testcase><testcase name="Reserve a rental car with preferred brand and discount type corporate"><skipped/></testcase></testsuite>